
ROM used:   1058/8192 (13%)
            1058/8192 (13%) including unused fragments

            1.1 Average locations per line
            7.9 Average locations per statement

RAM used:   16/368 (4%) at main() level
            35/368 (10%) worst case

Stack used: 0 worst case (0 in main + 0 for interrupts)
Stack size: 8

Lines Stmts  %   Files
----- ----- ---  -----
  119    57  43  main.c
  661     0   0  ..\..\..\..\..\Program Files (x86)\PICC\Devices\16F877A.h
  211    77  57  i2c_Flex_LCD.c
----- -----
  991   134 Total

Page ROM  %  RAM   Vol Diff  Functions:
---- --- --- ---   --- ----  ----------
0     21   2    1             @delay_ms1
0     74   7    1             @I2C_WRITE_1
0     10   1    1    63  2.3  lcd_backlight_led
0     74   7    3   574  5.9  i2c_send_nibble
0     67   6    3   149  2.8  lcd_send_byte
0     10   1    0    61  1.9  lcd_clear
0      8   1    0             @const645
0    113  11    5   902  5.8  lcd_init
 Inline         7   650  8.0  lcd_gotoxy
0     90   9    1   317  5.3  LCD_PUTC
0    111  10    4   828  7.7  read_ir_code
0    226  21    1  1328  5.3  MAIN
0      9   1    0             @const664
0     75   7    4             @PSTRINGC7_655
0      9   1    0             @const666
0      7   1    0             @const667
0      7   1    0             @const668
0      7   1    0             @const669
0      7   1    0             @const670
0      6   1    0             @const671
0     84   8    5             @PSTRINGCN7_655
0     33   3    2             @PRINTF_X_655
0      6   1    0             @const677
 Inline         0             @cinit1

Program metrics:
    Functions               9
    Statements              134
    Comments                223
    Volume (V)              7201
    Difficulty (D)          44.6
    Effort to implement (E) 321209
    Time to implement (T)   4 hours, 57 minutes
    Est Delivered Bugs (B)  2
    Cyclomatic Complexity   24
    Maintainability (MI)    141

 Segment     Used  Free
-----------  ----  ----
00000-00003     4  0  
00004-007FF  1054  990  
00800-00FFF     0  2048  
01000-017FF     0  2048  
01800-01FFF     0  2048  



